[ Item {
    type: 183,
    count: 24,
    metadata: 0,
    nbt: null,
    name: 'crafting_table',
    displayName: 'Crafting Table',
    stackSize: 64,
    slot: 9 },
  Item {
    type: 23,
    count: 2,
    metadata: 0,
    nbt: null,
    name: 'oak_sapling',
    displayName: 'Oak Sapling',
    stackSize: 64,
    slot: 11 },
  Item {
    type: 38,
    count: 64,
    metadata: 0,
    nbt: null,
    name: 'spruce_log',
    displayName: 'Spruce Log',
    stackSize: 64,
    slot: 12 },
  Item {
    type: 38,
    count: 64,
    metadata: 0,
    nbt: null,
    name: 'spruce_log',
    displayName: 'Spruce Log',
    stackSize: 64,
    slot: 14 },
  Item {
    type: 38,
    count: 64,
    metadata: 0,
    nbt: null,
    name: 'spruce_log',
    displayName: 'Spruce Log',
    stackSize: 64,
    slot: 15 },
  Item {
    type: 38,
    count: 64,
    metadata: 0,
    nbt: null,
    name: 'spruce_log',
    displayName: 'Spruce Log',
    stackSize: 64,
    slot: 16 },
  Item {
    type: 38,
    count: 64,
    metadata: 0,
    nbt: null,
    name: 'spruce_log',
    displayName: 'Spruce Log',
    stackSize: 64,
    slot: 19 },
  Item {
    type: 38,
    count: 64,
    metadata: 0,
    nbt: null,
    name: 'spruce_log',
    displayName: 'Spruce Log',
    stackSize: 64,
    slot: 20 },
  Item {
    type: 37,
    count: 8,
    metadata: 0,
    nbt: null,
    name: 'oak_log',
    displayName: 'Oak Log',
    stackSize: 64,
    slot: 22 },
  Item {
    type: 38,
    count: 64,
    metadata: 0,
    nbt: null,
    name: 'spruce_log',
    displayName: 'Spruce Log',
    stackSize: 64,
    slot: 37 },
  Item {
    type: 16,
    count: 10,
    metadata: 0,
    nbt: null,
    name: 'spruce_planks',
    displayName: 'Spruce Planks',
    stackSize: 64,
    slot: 38 },
  Item {
    type: 693,
    count: 3,
    metadata: 0,
    nbt: null,
    name: 'ink_sac',
    displayName: 'Ink Sac',
    stackSize: 64,
    slot: 39 },
  Item {
    type: 38,
    count: 47,
    metadata: 0,
    nbt: null,
    name: 'spruce_log',
    displayName: 'Spruce Log',
    stackSize: 64,
    slot: 40 },
  Item {
    type: 38,
    count: 64,
    metadata: 0,
    nbt: null,
    name: 'spruce_log',
    displayName: 'Spruce Log',
    stackSize: 64,
    slot: 41 },
  Item {
    type: 24,
    count: 56,
    metadata: 0,
    nbt: null,
    name: 'spruce_sapling',
    displayName: 'Spruce Sapling',
    stackSize: 64,
    slot: 42 },
  Item {
    type: 38,
    count: 64,
    metadata: 0,
    nbt: null,
    name: 'spruce_log',
    displayName: 'Spruce Log',
    stackSize: 64,
    slot: 43 },
  Item {
    type: 38,
    count: 64,
    metadata: 0,
    nbt: null,
    name: 'spruce_log',
    displayName: 'Spruce Log',
    stackSize: 64,
    slot: 44 } ]
Stashing non-essential inventory
Block {
  type: 147,
  metadata: 11,
  light: 0,
  skyLight: 0,
  biome:
   { id: 5,
     name: 'taiga',
     displayName: 'Taiga',
     rainfall: 0.8,
     temperature: 0.25 },
  position: Vec3 { x: -274, y: 69, z: -129 },
  stateId: 2045,
  name: 'chest',
  hardness: 2.5,
  displayName: 'Chest',
  shapes: [ [ 0.0625, 0, 0.0625, 1, 0.875, 0.9375 ] ],
  boundingBox: 'block',
  transparent: true,
  diggable: true,
  material: 'wood',
  harvestTools: undefined,
  drops: [ 180 ],
  signText: undefined,
  painting: undefined,
  blockEntity:
   { z: -129,
     id: 'minecraft:chest',
     y: 69,
     x: -274,
     raw: { type: 'compound', name: '', value: [Object] } } }
